# JRE version: Java(TM) SE Runtime Environment (10.0.1+10) (build 10.0.1+10)
# Java VM: Java HotSpot(TM) 64-Bit Server VM (10.0.1+10, mixed mode, tiered, compressed oops, g1 gc, windows-amd64)
Heap:
 garbage-first heap   total 65536K, used 13880K [0x00000000c1400000, 0x0000000100000000)
  region size 1024K, 11 young (11264K), 1 survivors (1024K)
 Metaspace       used 10991K, capacity 11155K, committed 11264K, reserved 1058816K
  class space    used 924K, capacity 1023K, committed 1024K, reserved 1048576K
GC Heap History (10 events):
Event: 1462.222 GC heap before
{Heap before GC invocations=22 (full 0):
 garbage-first heap   total 65536K, used 41512K [0x00000000c1400000, 0x0000000100000000)
  region size 1024K, 38 young (38912K), 1 survivors (1024K)
 Metaspace       used 10967K, capacity 11155K, committed 11264K, reserved 1058816K
  class space    used 922K, capacity 1023K, committed 1024K, reserved 1048576K
}
Event: 1462.223 GC heap after
{Heap after GC invocations=23 (full 0):
 garbage-first heap   total 65536K, used 3629K [0x00000000c1400000, 0x0000000100000000)
  region size 1024K, 1 young (1024K), 1 survivors (1024K)
 Metaspace       used 10967K, capacity 11155K, committed 11264K, reserved 1058816K
  class space    used 922K, capacity 1023K, committed 1024K, reserved 1048576K
}
Event: 1512.193 GC heap before
{Heap before GC invocations=23 (full 0):
 garbage-first heap   total 65536K, used 41517K [0x00000000c1400000, 0x0000000100000000)
  region size 1024K, 38 young (38912K), 1 survivors (1024K)
 Metaspace       used 10967K, capacity 11155K, committed 11264K, reserved 1058816K
  class space    used 922K, capacity 1023K, committed 1024K, reserved 1048576K
}
Event: 1512.194 GC heap after
{Heap after GC invocations=24 (full 0):
 garbage-first heap   total 65536K, used 3634K [0x00000000c1400000, 0x0000000100000000)
  region size 1024K, 1 young (1024K), 1 survivors (1024K)
 Metaspace       used 10967K, capacity 11155K, committed 11264K, reserved 1058816K
  class space    used 922K, capacity 1023K, committed 1024K, reserved 1048576K
}
Event: 1557.209 GC heap before
{Heap before GC invocations=24 (full 0):
 garbage-first heap   total 65536K, used 41522K [0x00000000c1400000, 0x0000000100000000)
  region size 1024K, 38 young (38912K), 1 survivors (1024K)
 Metaspace       used 10967K, capacity 11155K, committed 11264K, reserved 1058816K
  class space    used 922K, capacity 1023K, committed 1024K, reserved 1048576K
}
Event: 1557.210 GC heap after
{Heap after GC invocations=25 (full 0):
 garbage-first heap   total 65536K, used 3632K [0x00000000c1400000, 0x0000000100000000)
  region size 1024K, 1 young (1024K), 1 survivors (1024K)
 Metaspace       used 10967K, capacity 11155K, committed 11264K, reserved 1058816K
  class space    used 922K, capacity 1023K, committed 1024K, reserved 1048576K
}
Event: 1602.216 GC heap before
{Heap before GC invocations=25 (full 0):
 garbage-first heap   total 65536K, used 41520K [0x00000000c1400000, 0x0000000100000000)
  region size 1024K, 38 young (38912K), 1 survivors (1024K)
 Metaspace       used 10967K, capacity 11155K, committed 11264K, reserved 1058816K
  class space    used 922K, capacity 1023K, committed 1024K, reserved 1048576K
}
Event: 1602.217 GC heap after
{Heap after GC invocations=26 (full 0):
 garbage-first heap   total 65536K, used 3630K [0x00000000c1400000, 0x0000000100000000)
  region size 1024K, 1 young (1024K), 1 survivors (1024K)
 Metaspace       used 10967K, capacity 11155K, committed 11264K, reserved 1058816K
  class space    used 922K, capacity 1023K, committed 1024K, reserved 1048576K
}
Event: 2218.865 GC heap before
{Heap before GC invocations=26 (full 0):
 garbage-first heap   total 65536K, used 42542K [0x00000000c1400000, 0x0000000100000000)
  region size 1024K, 38 young (38912K), 1 survivors (1024K)
 Metaspace       used 10967K, capacity 11155K, committed 11264K, reserved 1058816K
  class space    used 922K, capacity 1023K, committed 1024K, reserved 1048576K
}
Event: 2218.883 GC heap after
{Heap after GC invocations=27 (full 0):
 garbage-first heap   total 65536K, used 3640K [0x00000000c1400000, 0x0000000100000000)
  region size 1024K, 1 young (1024K), 1 survivors (1024K)
 Metaspace       used 10967K, capacity 11155K, committed 11264K, reserved 1058816K
  class space    used 922K, capacity 1023K, committed 1024K, reserved 1048576K
}

