# JRE version: Java(TM) SE Runtime Environment (11.0.1+13) (build 11.0.1+13-LTS)
# Java VM: Java HotSpot(TM) 64-Bit Server VM (11.0.1+13-LTS, mixed mode, tiered, compressed oops, g1 gc, windows-amd64)
Heap:
 garbage-first heap   total 262144K, used 84467K [0x0000000701c00000, 0x0000000800000000)
  region size 1024K, 83 young (84992K), 4 survivors (4096K)
 Metaspace       used 11197K, capacity 11390K, committed 11648K, reserved 1060864K
  class space    used 970K, capacity 1051K, committed 1152K, reserved 1048576K
GC Heap History (6 events):
Event: 1.031 GC heap before
{Heap before GC invocations=0 (full 0):
 garbage-first heap   total 262144K, used 24576K [0x0000000701c00000, 0x0000000800000000)
  region size 1024K, 24 young (24576K), 0 survivors (0K)
 Metaspace       used 10569K, capacity 10805K, committed 11136K, reserved 1058816K
  class space    used 963K, capacity 1051K, committed 1152K, reserved 1048576K
}
Event: 1.034 GC heap after
{Heap after GC invocations=1 (full 0):
 garbage-first heap   total 262144K, used 3112K [0x0000000701c00000, 0x0000000800000000)
  region size 1024K, 3 young (3072K), 3 survivors (3072K)
 Metaspace       used 10569K, capacity 10805K, committed 11136K, reserved 1058816K
  class space    used 963K, capacity 1051K, committed 1152K, reserved 1048576K
}
Event: 68.123 GC heap before
{Heap before GC invocations=1 (full 0):
 garbage-first heap   total 262144K, used 156712K [0x0000000701c00000, 0x0000000800000000)
  region size 1024K, 153 young (156672K), 3 survivors (3072K)
 Metaspace       used 11106K, capacity 11262K, committed 11392K, reserved 1058816K
  class space    used 969K, capacity 1051K, committed 1152K, reserved 1048576K
}
Event: 68.126 GC heap after
{Heap after GC invocations=2 (full 0):
 garbage-first heap   total 262144K, used 3542K [0x0000000701c00000, 0x0000000800000000)
  region size 1024K, 4 young (4096K), 4 survivors (4096K)
 Metaspace       used 11106K, capacity 11262K, committed 11392K, reserved 1058816K
  class space    used 969K, capacity 1051K, committed 1152K, reserved 1048576K
}
Event: 156.104 GC heap before
{Heap before GC invocations=2 (full 0):
 garbage-first heap   total 262144K, used 156118K [0x0000000701c00000, 0x0000000800000000)
  region size 1024K, 153 young (156672K), 4 survivors (4096K)
 Metaspace       used 11193K, capacity 11390K, committed 11648K, reserved 1060864K
  class space    used 970K, capacity 1051K, committed 1152K, reserved 1048576K
}
Event: 156.107 GC heap after
{Heap after GC invocations=3 (full 0):
 garbage-first heap   total 262144K, used 3571K [0x0000000701c00000, 0x0000000800000000)
  region size 1024K, 4 young (4096K), 4 survivors (4096K)
 Metaspace       used 11193K, capacity 11390K, committed 11648K, reserved 1060864K
  class space    used 970K, capacity 1051K, committed 1152K, reserved 1048576K
}

